<?xml version="1.0" encoding="UTF-8" ?>
<testsuite errors="0" failures="2" hostname="OUSPG-Ville" name="basictest" skipped="0" tests="4" time="21.635" timestamp="2018-07-11T07:35:33">
  <properties>
    <property name="java.vendor" value="Oracle Corporation" />
    <property name="env.SESSION_MANAGER" value="local/OUSPG-Ville:@/tmp/.ICE-unix/2466,unix/OUSPG-Ville:/tmp/.ICE-unix/2466" />
    <property name="env.IM_CONFIG_PHASE" value="2" />
    <property name="env.LESSOPEN" value="| /usr/bin/lesspipe %s" />
    <property name="sun.java.launcher" value="SUN_STANDARD" />
    <property name="env.QT_IM_MODULE" value="ibus" />
    <property name="sun.management.compiler" value="HotSpot 64-Bit Tiered Compilers" />
    <property name="os.name" value="Linux" />
    <property name="sun.boot.class.path" value="/usr/lib/jvm/java-8-openjdk-amd64/jre/lib/resources.jar:/usr/lib/jvm/java-8-openjdk-amd64/jre/lib/rt.jar:/usr/lib/jvm/java-8-openjdk-amd64/jre/lib/sunrsasign.jar:/usr/lib/jvm/java-8-openjdk-amd64/jre/lib/jsse.jar:/usr/lib/jvm/java-8-openjdk-amd64/jre/lib/jce.jar:/usr/lib/jvm/java-8-openjdk-amd64/jre/lib/charsets.jar:/usr/lib/jvm/java-8-openjdk-amd64/jre/lib/jfr.jar:/usr/lib/jvm/java-8-openjdk-amd64/jre/classes" />
    <property name="env.PWD" value="/home/ville/eclipse-workspace/SeleniumTesting" />
    <property name="sun.desktop" value="gnome" />
    <property name="env.LANG" value="en_US.UTF-8" />
    <property name="java.vm.specification.vendor" value="Oracle Corporation" />
    <property name="env.XDG_MENU_PREFIX" value="gnome-" />
    <property name="ant.home" value="/usr/share/ant" />
    <property name="java.runtime.version" value="1.8.0_171-8u171-b11-0ubuntu0.18.04.1-b11" />
    <property name="env.GTK_IM_MODULE" value="ibus" />
    <property name="env.XDG_VTNR" value="2" />
    <property name="env.DISPLAY" value=":0" />
    <property name="user.name" value="ville" />
    <property name="env.QT4_IM_MODULE" value="xim" />
    <property name="env.DBUS_STARTER_BUS_TYPE" value="session" />
    <property name="env._" value="/usr/bin/ant" />
    <property name="env.USER" value="ville" />
    <property name="env.SHELL" value="/bin/bash" />
    <property name="env.GNOME_SHELL_SESSION_MODE" value="ubuntu" />
    <property name="env.DESKTOP_SESSION" value="ubuntu" />
    <property name="env.XDG_DATA_DIRS" value="/usr/share/ubuntu:/usr/local/share:/usr/share:/var/lib/snapd/desktop" />
    <property name="env.LC_ADDRESS" value="fi_FI.UTF-8" />
    <property name="env.PATH" value="/home/ville/.local/bin:/usr/local/sbin:/usr/local/bin:/usr/sbin:/usr/bin:/sbin:/bin:/usr/games:/usr/local/games:/snap/bin:/opt/thinlinc/bin" />
    <property name="env.XDG_CURRENT_DESKTOP" value="ubuntu:GNOME" />
    <property name="user.language" value="en" />
    <property name="env.XDG_SESSION_DESKTOP" value="ubuntu" />
    <property name="env.LC_MONETARY" value="fi_FI.UTF-8" />
    <property name="sun.boot.library.path" value="/usr/lib/jvm/java-8-openjdk-amd64/jre/lib/amd64" />
    <property name="env.TEXTDOMAIN" value="im-config" />
    <property name="ant.project.default-target" value="build" />
    <property name="ant.project.name" value="SeleniumTesting" />
    <property name="env.GNOME_TERMINAL_SERVICE" value=":1.67" />
    <property name="java.version" value="1.8.0_171" />
    <property name="user.timezone" value="" />
    <property name="env.DBUS_SESSION_BUS_ADDRESS" value="unix:path=/run/user/1000/bus,guid=ef84cfcf259a844d4b225dc65b45ac1d" />
    <property name="sun.arch.data.model" value="64" />
    <property name="env.SSH_AGENT_PID" value="2559" />
    <property name="java.endorsed.dirs" value="/usr/lib/jvm/java-8-openjdk-amd64/jre/lib/endorsed" />
    <property name="sun.cpu.isalist" value="" />
    <property name="env.LC_PAPER" value="fi_FI.UTF-8" />
    <property name="sun.jnu.encoding" value="UTF-8" />
    <property name="file.encoding.pkg" value="sun.io" />
    <property name="env.SHLVL" value="1" />
    <property name="file.separator" value="/" />
    <property name="java.specification.name" value="Java Platform API Specification" />
    <property name="env.GNOME_DESKTOP_SESSION_ID" value="this-is-deprecated" />
    <property name="java.class.version" value="52.0" />
    <property name="env.GDMSESSION" value="ubuntu" />
    <property name="env.GNOME_TERMINAL_SCREEN" value="/org/gnome/Terminal/screen/dae29c16_13b1_4399_b067_a84b38914f7f" />
    <property name="user.country" value="US" />
    <property name="java.home" value="/usr/lib/jvm/java-8-openjdk-amd64/jre" />
    <property name="ant.file.SeleniumTesting" value="/home/ville/eclipse-workspace/SeleniumTesting/build.xml" />
    <property name="java.vm.info" value="mixed mode" />
    <property name="env.LOGNAME" value="ville" />
    <property name="ant.file" value="/home/ville/eclipse-workspace/SeleniumTesting/build.xml" />
    <property name="os.version" value="4.15.0-24-generic" />
    <property name="path.separator" value=":" />
    <property name="java.vm.version" value="25.171-b11" />
    <property name="env.MANAGERPID" value="2437" />
    <property name="env.TEXTDOMAINDIR" value="/usr/share/locale/" />
    <property name="ant.library.dir" value="/usr/share/ant/lib" />
    <property name="junit.output.dir" value="junit" />
    <property name="env.LC_TELEPHONE" value="fi_FI.UTF-8" />
    <property name="env.XDG_SESSION_TYPE" value="x11" />
    <property name="env.TERM" value="xterm-256color" />
    <property name="java.awt.printerjob" value="sun.print.PSPrinterJob" />
    <property name="sun.io.unicode.encoding" value="UnicodeLittle" />
    <property name="env.WINDOWPATH" value="2" />
    <property name="awt.toolkit" value="sun.awt.X11.XToolkit" />
    <property name="env.XMODIFIERS" value="@im=ibus" />
    <property name="env.LC_MEASUREMENT" value="fi_FI.UTF-8" />
    <property name="target" value="1.8" />
    <property name="user.home" value="/home/ville" />
    <property name="env.OLDPWD" value="/home/ville/eclipse-workspace" />
    <property name="java.specification.vendor" value="Oracle Corporation" />
    <property name="env.VTE_VERSION" value="5202" />
    <property name="java.vendor.url" value="http://java.oracle.com/" />
    <property name="java.library.path" value="/usr/java/packages/lib/amd64:/usr/lib/x86_64-linux-gnu/jni:/lib/x86_64-linux-gnu:/usr/lib/x86_64-linux-gnu:/usr/lib/jni:/lib:/usr/lib" />
    <property name="java.vm.vendor" value="Oracle Corporation" />
    <property name="env.XDG_SEAT" value="seat0" />
    <property name="java.runtime.name" value="OpenJDK Runtime Environment" />
    <property name="ant.version" value="Apache Ant(TM) version 1.10.3 compiled on March 29 2018" />
    <property name="java.class.path" value="/home/ville/eclipse-workspace/SeleniumTesting/bin:/home/ville/eclipse-workspace/SeleniumTesting/libs/tagsoup-1.2.1.jar:/home/ville/eclipse-workspace/SeleniumTesting/libs/rest-assured-3.1.0.jar:/home/ville/eclipse-workspace/SeleniumTesting/libs/okio-1.13.0.jar:/home/ville/eclipse-workspace/SeleniumTesting/libs/okhttp-3.9.1.jar:/home/ville/eclipse-workspace/SeleniumTesting/libs/junit-4.12.jar:/home/ville/eclipse-workspace/SeleniumTesting/libs/json-schema-validator-3.1.0-deps.zip:/home/ville/eclipse-workspace/SeleniumTesting/libs/json-schema-validator-3.1.0.jar:/home/ville/eclipse-workspace/SeleniumTesting/libs/jaxb-api-2.2.12.jar:/home/ville/eclipse-workspace/SeleniumTesting/libs/java-json.jar:/home/ville/eclipse-workspace/SeleniumTesting/libs/jackson-databind-2.9.5.jar:/home/ville/eclipse-workspace/SeleniumTesting/libs/httpmime-4.5.1.jar:/home/ville/eclipse-workspace/SeleniumTesting/libs/httpcore-4.4.6.jar:/home/ville/eclipse-workspace/SeleniumTesting/libs/httpclient-4.5.3.jar:/home/ville/eclipse-workspace/SeleniumTesting/libs/hamcrest-library-1.3.jar:/home/ville/eclipse-workspace/SeleniumTesting/libs/hamcrest-core-1.3.jar:/home/ville/eclipse-workspace/SeleniumTesting/libs/hamcrest-all-1.3.jar:/home/ville/eclipse-workspace/SeleniumTesting/libs/guava-23.6-jre.jar:/home/ville/eclipse-workspace/SeleniumTesting/libs/gson-2.8.2.jar:/home/ville/eclipse-workspace/SeleniumTesting/libs/groovy-xml-2.4.12.jar:/home/ville/eclipse-workspace/SeleniumTesting/libs/groovy-json-2.4.12.jar:/home/ville/eclipse-workspace/SeleniumTesting/libs/groovy-2.4.12.jar:/home/ville/eclipse-workspace/SeleniumTesting/libs/commons-logging-1.2.jar:/home/ville/eclipse-workspace/SeleniumTesting/libs/commons-lang3-3.4.jar:/home/ville/eclipse-workspace/SeleniumTesting/libs/commons-exec-1.3.jar:/home/ville/eclipse-workspace/SeleniumTesting/libs/commons-codec-1.10.jar:/home/ville/eclipse-workspace/SeleniumTesting/libs/commons-codec-1.9.jar:/home/ville/eclipse-workspace/SeleniumTesting/libs/client-combined-3.11.0-sources.jar:/home/ville/eclipse-workspace/SeleniumTesting/libs/client-combined-3.11.0.jar:/home/ville/eclipse-workspace/SeleniumTesting/libs/byte-buddy-1.7.9.jar:/usr/share/java/ant-launcher-1.10.3.jar:/usr/share/ant/lib/ant.jar:/usr/share/ant/lib/ant-junit.jar:/usr/share/ant/lib/ant-junit4.jar" />
    <property name="sun.java.command" value="org.apache.tools.ant.taskdefs.optional.junit.JUnitTestRunner basictest skipNonTests=false filtertrace=true haltOnError=false haltOnFailure=false formatter=org.apache.tools.ant.taskdefs.optional.junit.OutErrSummaryJUnitResultFormatter showoutput=false outputtoformatters=true logfailedtests=true threadid=0 logtestlistenerevents=false formatter=org.apache.tools.ant.taskdefs.optional.junit.XMLJUnitResultFormatter,/home/ville/eclipse-workspace/SeleniumTesting/junit/TEST-basictest.xml crashfile=/home/ville/eclipse-workspace/SeleniumTesting/junitvmwatcher8406884030374189478.properties propsfile=/home/ville/eclipse-workspace/SeleniumTesting/junit2990351966981876942.properties" />
    <property name="env.XDG_SESSION_ID" value="3" />
    <property name="env.INVOCATION_ID" value="6408bba3ac5b4faca538a84d2e35672d" />
    <property name="env.QT_ACCESSIBILITY" value="1" />
    <property name="java.vm.specification.name" value="Java Virtual Machine Specification" />
    <property name="ant.file.type" value="file" />
    <property name="ant.file.type.SeleniumTesting" value="file" />
    <property name="java.vm.specification.version" value="1.8" />
    <property name="sun.os.patch.level" value="unknown" />
    <property name="sun.cpu.endian" value="little" />
    <property name="env.HOME" value="/home/ville" />
    <property name="debuglevel" value="source,lines,vars" />
    <property name="env.JOURNAL_STREAM" value="9:35386" />
    <property name="java.io.tmpdir" value="/tmp" />
    <property name="env.LS_COLORS" value="rs=0:di=01;34:ln=01;36:mh=00:pi=40;33:so=01;35:do=01;35:bd=40;33;01:cd=40;33;01:or=40;31;01:mi=00:su=37;41:sg=30;43:ca=30;41:tw=30;42:ow=34;42:st=37;44:ex=01;32:*.tar=01;31:*.tgz=01;31:*.arc=01;31:*.arj=01;31:*.taz=01;31:*.lha=01;31:*.lz4=01;31:*.lzh=01;31:*.lzma=01;31:*.tlz=01;31:*.txz=01;31:*.tzo=01;31:*.t7z=01;31:*.zip=01;31:*.z=01;31:*.Z=01;31:*.dz=01;31:*.gz=01;31:*.lrz=01;31:*.lz=01;31:*.lzo=01;31:*.xz=01;31:*.zst=01;31:*.tzst=01;31:*.bz2=01;31:*.bz=01;31:*.tbz=01;31:*.tbz2=01;31:*.tz=01;31:*.deb=01;31:*.rpm=01;31:*.jar=01;31:*.war=01;31:*.ear=01;31:*.sar=01;31:*.rar=01;31:*.alz=01;31:*.ace=01;31:*.zoo=01;31:*.cpio=01;31:*.7z=01;31:*.rz=01;31:*.cab=01;31:*.wim=01;31:*.swm=01;31:*.dwm=01;31:*.esd=01;31:*.jpg=01;35:*.jpeg=01;35:*.mjpg=01;35:*.mjpeg=01;35:*.gif=01;35:*.bmp=01;35:*.pbm=01;35:*.pgm=01;35:*.ppm=01;35:*.tga=01;35:*.xbm=01;35:*.xpm=01;35:*.tif=01;35:*.tiff=01;35:*.png=01;35:*.svg=01;35:*.svgz=01;35:*.mng=01;35:*.pcx=01;35:*.mov=01;35:*.mpg=01;35:*.mpeg=01;35:*.m2v=01;35:*.mkv=01;35:*.webm=01;35:*.ogm=01;35:*.mp4=01;35:*.m4v=01;35:*.mp4v=01;35:*.vob=01;35:*.qt=01;35:*.nuv=01;35:*.wmv=01;35:*.asf=01;35:*.rm=01;35:*.rmvb=01;35:*.flc=01;35:*.avi=01;35:*.fli=01;35:*.flv=01;35:*.gl=01;35:*.dl=01;35:*.xcf=01;35:*.xwd=01;35:*.yuv=01;35:*.cgm=01;35:*.emf=01;35:*.ogv=01;35:*.ogx=01;35:*.aac=00;36:*.au=00;36:*.flac=00;36:*.m4a=00;36:*.mid=00;36:*.midi=00;36:*.mka=00;36:*.mp3=00;36:*.mpc=00;36:*.ogg=00;36:*.ra=00;36:*.wav=00;36:*.oga=00;36:*.opus=00;36:*.spx=00;36:*.xspf=00;36:" />
    <property name="java.vendor.url.bug" value="http://bugreport.sun.com/bugreport/" />
    <property name="env.SSH_AUTH_SOCK" value="/run/user/1000/keyring/ssh" />
    <property name="env.CLUTTER_IM_MODULE" value="xim" />
    <property name="env.DBUS_STARTER_ADDRESS" value="unix:path=/run/user/1000/bus,guid=ef84cfcf259a844d4b225dc65b45ac1d" />
    <property name="java.awt.graphicsenv" value="sun.awt.X11GraphicsEnvironment" />
    <property name="os.arch" value="amd64" />
    <property name="env.XDG_RUNTIME_DIR" value="/run/user/1000" />
    <property name="java.ext.dirs" value="/usr/lib/jvm/java-8-openjdk-amd64/jre/lib/ext:/usr/java/packages/lib/ext" />
    <property name="user.dir" value="/home/ville/eclipse-workspace/SeleniumTesting" />
    <property name="env.XAUTHORITY" value="/run/user/1000/gdm/Xauthority" />
    <property name="env.GTK_MODULES" value="gail:atk-bridge" />
    <property name="line.separator" value="&#xa;" />
    <property name="java.vm.name" value="OpenJDK 64-Bit Server VM" />
    <property name="env.LC_NUMERIC" value="fi_FI.UTF-8" />
    <property name="env.COLORTERM" value="truecolor" />
    <property name="basedir" value="/home/ville/eclipse-workspace/SeleniumTesting" />
    <property name="ant.java.version" value="1.8" />
    <property name="ant.core.lib" value="/usr/share/ant/lib/ant.jar" />
    <property name="env.USERNAME" value="ville" />
    <property name="env.LC_TIME" value="fi_FI.UTF-8" />
    <property name="source" value="1.8" />
    <property name="file.encoding" value="UTF-8" />
    <property name="env.LC_IDENTIFICATION" value="fi_FI.UTF-8" />
    <property name="env.GPG_AGENT_INFO" value="/run/user/1000/gnupg/S.gpg-agent:0:1" />
    <property name="java.specification.version" value="1.8" />
    <property name="ant.project.invoked-targets" value="basictest" />
    <property name="env.XDG_CONFIG_DIRS" value="/etc/xdg/xdg-ubuntu:/etc/xdg" />
    <property name="env.LC_NAME" value="fi_FI.UTF-8" />
    <property name="env.LESSCLOSE" value="/usr/bin/lesspipe %s %s" />
  </properties>
  <testcase classname="basictest" name="testPetPostRandomInput" time="10.149" />
  <testcase classname="basictest" name="testLogIn" time="5.422">
    <failure message="Error text is visible" type="junit.framework.AssertionFailedError">junit.framework.AssertionFailedError: Error text is visible
	at basictest.testLogIn(basictest.java:149)
</failure>
  </testcase>
  <testcase classname="basictest" name="testDirectoryBrowsing" time="3.126">
    <failure message="Directory http://localhost/mutillidae/index&#xa;does not exist" type="junit.framework.AssertionFailedError">junit.framework.AssertionFailedError: Directory http://localhost/mutillidae/index
does not exist
	at basictest.testDirectoryBrowsing(basictest.java:160)
</failure>
  </testcase>
  <testcase classname="basictest" name="testLooping" time="2.891" />
  <system-out><![CDATA[Radamsa fuzzed 20 into 655373

Radamsa fuzzed 20 into -63602534012

Radamsa fuzzed petname into p�tname

Radamsa fuzzed fuzzthisstring.com into 
Radamsa fuzzed fuzzthisstring.com into fuzz�thHEiiiisst
cr

Radamsa fuzzed index into index

]]></system-out>
  <system-err><![CDATA[Jul 11, 2018 10:35:33 AM org.openqa.selenium.remote.DesiredCapabilities firefox
INFO: Using `new FirefoxOptions()` is preferred to `DesiredCapabilities.firefox()`
1531294533330	geckodriver	INFO	geckodriver 0.21.0
1531294533344	geckodriver	INFO	Listening on 127.0.0.1:10856
1531294533572	mozrunner::runner	INFO	Running command: "/usr/lib/firefox/firefox" "-marionette" "-foreground" "-no-remote" "-profile" "/tmp/rust_mozprofile.U6JURd8NDi23"
1531294535641	Marionette	INFO	Listening on port 37827
1531294535692	Marionette	WARN	TLS certificate errors will be ignored for this session
Jul 11, 2018 10:35:35 AM org.openqa.selenium.remote.ProtocolHandshake createSession
INFO: Detected dialect: W3C
*** UTM:SVC TimerManager:registerTimer called after profile-before-change notification. Ignoring timer registration for id: telemetry_modules_ping
Jul 11, 2018 10:35:43 AM org.openqa.selenium.remote.DesiredCapabilities firefox
INFO: Using `new FirefoxOptions()` is preferred to `DesiredCapabilities.firefox()`
1531294543225	geckodriver	INFO	geckodriver 0.21.0
1531294543232	geckodriver	INFO	Listening on 127.0.0.1:28918
1531294543241	mozrunner::runner	INFO	Running command: "/usr/lib/firefox/firefox" "-marionette" "-foreground" "-no-remote" "-profile" "/tmp/rust_mozprofile.61krVrc9Tpv7"
1531294545230	Marionette	INFO	Listening on port 40065
1531294545254	Marionette	WARN	TLS certificate errors will be ignored for this session
Jul 11, 2018 10:35:45 AM org.openqa.selenium.remote.ProtocolHandshake createSession
INFO: Detected dialect: W3C
JavaScript warning: http://localhost:81/mutillidae/javascript/ddsmoothmenu/jquery.min.js, line 19: unreachable code after return statement
JavaScript error: http://localhost:81/mutillidae/index.php?page=user-info.php, line 1: ReferenceError: onLoadOfBody is not defined

(/usr/lib/firefox/firefox:15616): dconf-WARNING **: 10:35:47.142: Unable to open /var/lib/snapd/desktop/dconf/profile/user: Permission denied
JavaScript warning: http://localhost:81/mutillidae/javascript/ddsmoothmenu/jquery.min.js, line 19: unreachable code after return statement
JavaScript error: http://localhost:81/mutillidae/index.php?page=user-info.php&username=&password=fuzz%EF%BF%BDthHEiiiisstcr&user-info-php-submit-button=View+Account+Details, line 1: ReferenceError: onLoadOfBody is not defined
*** UTM:SVC TimerManager:registerTimer called after profile-before-change notification. Ignoring timer registration for id: telemetry_modules_ping
Jul 11, 2018 10:35:48 AM org.openqa.selenium.remote.DesiredCapabilities firefox
INFO: Using `new FirefoxOptions()` is preferred to `DesiredCapabilities.firefox()`
1531294548658	geckodriver	INFO	geckodriver 0.21.0
1531294548664	geckodriver	INFO	Listening on 127.0.0.1:3618
1531294548672	mozrunner::runner	INFO	Running command: "/usr/lib/firefox/firefox" "-marionette" "-foreground" "-no-remote" "-profile" "/tmp/rust_mozprofile.ilt3RpvdlcpQ"
1531294550711	Marionette	INFO	Listening on port 33179
1531294550790	Marionette	WARN	TLS certificate errors will be ignored for this session
Jul 11, 2018 10:35:50 AM org.openqa.selenium.remote.ProtocolHandshake createSession
INFO: Detected dialect: W3C
1531294551144	addons.xpi	WARN	Exception running bootstrap method shutdown on activity-stream@mozilla.org: [Exception... "Component returned failure code: 0x80004005 (NS_ERROR_FAILURE) [nsIObserverService.removeObserver]"  nsresult: "0x80004005 (NS_ERROR_FAILURE)"  location: "JS frame :: resource://activity-stream/lib/SnippetsFeed.jsm :: uninit :: line 185"  data: no] Stack trace: uninit()@resource://activity-stream/lib/SnippetsFeed.jsm:185
onAction()@resource://activity-stream/lib/SnippetsFeed.jsm:201
_middleware/</<()@resource://activity-stream/lib/Store.jsm:49
Store/this[method]()@resource://activity-stream/lib/Store.jsm:28
uninit()@resource://activity-stream/lib/Store.jsm:151
uninit()@resource://activity-stream/lib/ActivityStream.jsm:300
uninit()@resource://gre/modules/addons/XPIProvider.jsm -> jar:file:///usr/lib/firefox/browser/features/activity-stream@mozilla.org.xpi!/bootstrap.js:73
shutdown()@resource://gre/modules/addons/XPIProvider.jsm -> jar:file:///usr/lib/firefox/browser/features/activity-stream@mozilla.org.xpi!/bootstrap.js:169
callBootstrapMethod()@resource://gre/modules/addons/XPIProvider.jsm:4436
observe()@resource://gre/modules/addons/XPIProvider.jsm:2287
GeckoDriver.prototype.quit()@driver.js:3300
despatch()@server.js:293
execute()@server.js:267
onPacket/<()@server.js:242
onPacket()@server.js:241
_onJSONObjectReady/<()@transport.js:500
*** UTM:SVC TimerManager:registerTimer called after profile-before-change notification. Ignoring timer registration for id: telemetry_modules_ping
Jul 11, 2018 10:35:51 AM org.openqa.selenium.remote.DesiredCapabilities firefox
INFO: Using `new FirefoxOptions()` is preferred to `DesiredCapabilities.firefox()`
1531294551774	geckodriver	INFO	geckodriver 0.21.0
1531294551781	geckodriver	INFO	Listening on 127.0.0.1:30155
1531294551788	mozrunner::runner	INFO	Running command: "/usr/lib/firefox/firefox" "-marionette" "-foreground" "-no-remote" "-profile" "/tmp/rust_mozprofile.3rQywBS9v6zc"
1531294553857	Marionette	INFO	Listening on port 41989
1531294553906	Marionette	WARN	TLS certificate errors will be ignored for this session
Jul 11, 2018 10:35:53 AM org.openqa.selenium.remote.ProtocolHandshake createSession
INFO: Detected dialect: W3C
1531294554020	addons.xpi	WARN	Exception running bootstrap method shutdown on activity-stream@mozilla.org: [Exception... "Component returned failure code: 0x80004005 (NS_ERROR_FAILURE) [nsIObserverService.removeObserver]"  nsresult: "0x80004005 (NS_ERROR_FAILURE)"  location: "JS frame :: resource://activity-stream/lib/SnippetsFeed.jsm :: uninit :: line 185"  data: no] Stack trace: uninit()@resource://activity-stream/lib/SnippetsFeed.jsm:185
onAction()@resource://activity-stream/lib/SnippetsFeed.jsm:201
_middleware/</<()@resource://activity-stream/lib/Store.jsm:49
Store/this[method]()@resource://activity-stream/lib/Store.jsm:28
uninit()@resource://activity-stream/lib/Store.jsm:151
uninit()@resource://activity-stream/lib/ActivityStream.jsm:300
uninit()@resource://gre/modules/addons/XPIProvider.jsm -> jar:file:///usr/lib/firefox/browser/features/activity-stream@mozilla.org.xpi!/bootstrap.js:73
shutdown()@resource://gre/modules/addons/XPIProvider.jsm -> jar:file:///usr/lib/firefox/browser/features/activity-stream@mozilla.org.xpi!/bootstrap.js:169
callBootstrapMethod()@resource://gre/modules/addons/XPIProvider.jsm:4436
observe()@resource://gre/modules/addons/XPIProvider.jsm:2287
GeckoDriver.prototype.quit()@driver.js:3300
despatch()@server.js:293
execute()@server.js:267
onPacket/<()@server.js:242
onPacket()@server.js:241
_onJSONObjectReady/<()@transport.js:500
*** UTM:SVC TimerManager:registerTimer called after profile-before-change notification. Ignoring timer registration for id: telemetry_modules_ping
]]></system-err>
</testsuite>
